
This GDB supports auto-downloading debuginfo from the following URLs:
  <https://debuginfod.archlinux.org>
Enable debuginfod for this session? (y or [n]) [answered N; input not from terminal]
Debuginfod has been disabled.
To make this setting permanent, add 'set debuginfod enabled off' to .gdbinit.
[Thread debugging using libthread_db enabled]
Using host libthread_db library "/usr/lib/libthread_db.so.1".
[New Thread 0x7ffff41726c0 (LWP 82519)]
[New Thread 0x7fffe1dff6c0 (LWP 82522)]
[New Thread 0x7fffe11ff6c0 (LWP 82523)]
[New Thread 0x7fffe09fe6c0 (LWP 82524)]
[New Thread 0x7fffd3fff6c0 (LWP 82525)]
[New Thread 0x7fffd33fe6c0 (LWP 82526)]
[New Thread 0x7fffd2bfd6c0 (LWP 82527)]
[New Thread 0x7fffd23fc6c0 (LWP 82528)]
[New Thread 0x7fffd1bfb6c0 (LWP 82529)]
[New Thread 0x7fffd13fa6c0 (LWP 82530)]
[New Thread 0x7fffd0bf96c0 (LWP 82531)]
[New Thread 0x7fff822bf6c0 (LWP 82538)]
[Thread 0x7fffd0bf96c0 (LWP 82531) exited]
[Thread 0x7fffd13fa6c0 (LWP 82530) exited]
[Thread 0x7fffd1bfb6c0 (LWP 82529) exited]
[Thread 0x7fffd33fe6c0 (LWP 82526) exited]
[Thread 0x7fffd2bfd6c0 (LWP 82527) exited]
[Thread 0x7fffd23fc6c0 (LWP 82528) exited]
[Thread 0x7fffe09fe6c0 (LWP 82524) exited]
[Thread 0x7fffd3fff6c0 (LWP 82525) exited]
[Thread 0x7fffe11ff6c0 (LWP 82523) exited]
[Thread 0x7fffe1dff6c0 (LWP 82522) exited]
[Thread 0x7ffff41726c0 (LWP 82519) exited]
[Thread 0x7ffff7b5bf80 (LWP 82512) exited]
[Thread 0x7fff822bf6c0 (LWP 82538) exited]
[New process 82512]
[Inferior 1 (process 82512) exited normally]
No stack.
No frame selected.
No frame selected.
